papers/cikm/cikm2022.csv
papers/wsdm/wsdm2022.csv
papers/sigir/sigir2018.csv
papers/sigir/sigir2019.csv
papers/www/www2019.csv
papers/www/www2023.csv
papers/kdd/kdd2019.csv
papers/www/www2025.csv
papers/cikm/cikm2021.csv
papers/www/www2018.csv
papers/sigir/sigir2024.csv
papers/cikm/cikm2023.csv
papers/kdd/kdd2021.csv
papers/kdd/kdd2025.csv
papers/sigir/sigir2020.csv
papers/sigir/sigir2022.csv
papers/wsdm/wsdm2023.csv
papers/www/www2022.csv
papers/wsdm/wsdm2021.csv
papers/wsdm/wsdm2025.csv
papers/kdd/kdd2024.csv
papers/sigir/sigir2023.csv
papers/cikm/cikm2020.csv
papers/cikm/cikm2019.csv
papers/kdd/kdd2022.csv
papers/cikm/cikm2025.csv
papers/wsdm/wsdm2024.csv
papers/wsdm/wsdm2018.csv
papers/kdd/kdd2023.csv
papers/www/www2021.csv
papers/www/www2020.csv
papers/cikm/cikm2024.csv
papers/wsdm/wsdm2019.csv
papers/kdd/kdd2020.csv
papers/wsdm/wsdm2020.csv
papers/www/www2024.csv
papers/cikm/cikm2018.csv
papers/kdd/kdd2018.csv
papers/sigir/sigir2021.csv
papers/sigir/sigir2025.csv
